<?xml version="1.0" encoding="UTF-8"?>
<testng-results ignored="0" total="1" passed="1" failed="0" skipped="0">
  <reporter-output>
  </reporter-output>
  <suite started-at="2023-11-13T09:31:52 IST" name="Default suite" finished-at="2023-11-13T09:31:52 IST" duration-ms="72">
    <groups>
    </groups>
    <test started-at="2023-11-13T09:31:52 IST" name="Default test" finished-at="2023-11-13T09:31:52 IST" duration-ms="72">
      <class name="selenium.Demostrationforsoftassert">
        <test-method signature="demo()[pri:0, instance:selenium.Demostrationforsoftassert@62e7f11d]" started-at="2023-11-13T09:31:52 IST" name="demo" finished-at="2023-11-13T09:31:52 IST" duration-ms="12" status="PASS">
          <reporter-output>
          </reporter-output>
        </test-method> <!-- demo -->
      </class> <!-- selenium.Demostrationforsoftassert -->
    </test> <!-- Default test -->
  </suite> <!-- Default suite -->
</testng-results>
